<?xml version="1.0" encoding="UTF-8"?>
<!-- Generated by org.testng.reporters.JUnitXMLReporter -->
<testsuite hostname="DESKTOP-GK407J4" failures="0" tests="4" name="Default test" time="53.003" errors="0" timestamp="1 Aug 2019 18:01:10 GMT">
  <testcase classname="com_testcase_webtech.Webtech_Runclass" name="browseropen" time="22.371"/>
  <testcase classname="com_testcase_webtech.Webtech_Runclass" name="getquotepagedataTest" time="16.352"/>
  <testcase classname="com_testcase_webtech.Webtech_Runclass" name="searchresultTest" time="12.928"/>
  <testcase classname="com_testcase_webtech.Webtech_Runclass" name="browserclose" time="1.284"/>
</testsuite> <!-- Default test -->
