<?xml version="1.0" encoding="UTF-8"?>
<testng-results total="4" passed="4" failed="0" skipped="0">
  <reporter-output>
  </reporter-output>
  <suite started-at="2019-08-01T18:00:16Z" name="Default suite" finished-at="2019-08-01T18:01:09Z" duration-ms="53003">
    <groups>
    </groups>
    <test started-at="2019-08-01T18:00:16Z" name="Default test" finished-at="2019-08-01T18:01:09Z" duration-ms="53003">
      <class name="com_testcase_webtech.Webtech_Runclass">
        <test-method signature="browseropen()[pri:0, instance:com_testcase_webtech.Webtech_Runclass@63475ace]" started-at="2019-08-01T11:00:16Z" name="browseropen" finished-at="2019-08-01T11:00:39Z" duration-ms="22371" status="PASS">
          <reporter-output>
          </reporter-output>
        </test-method> <!-- browseropen -->
        <test-method signature="getquotepagedataTest()[pri:0, instance:com_testcase_webtech.Webtech_Runclass@63475ace]" started-at="2019-08-01T11:00:39Z" name="getquotepagedataTest" finished-at="2019-08-01T11:00:55Z" duration-ms="16352" status="PASS">
          <reporter-output>
          </reporter-output>
        </test-method> <!-- getquotepagedataTest -->
        <test-method signature="searchresultTest()[pri:0, instance:com_testcase_webtech.Webtech_Runclass@63475ace]" started-at="2019-08-01T11:00:55Z" name="searchresultTest" finished-at="2019-08-01T11:01:08Z" duration-ms="12928" status="PASS">
          <reporter-output>
          </reporter-output>
        </test-method> <!-- searchresultTest -->
        <test-method signature="browserclose()[pri:0, instance:com_testcase_webtech.Webtech_Runclass@63475ace]" started-at="2019-08-01T11:01:08Z" name="browserclose" finished-at="2019-08-01T11:01:09Z" duration-ms="1284" status="PASS">
          <reporter-output>
          </reporter-output>
        </test-method> <!-- browserclose -->
      </class> <!-- com_testcase_webtech.Webtech_Runclass -->
    </test> <!-- Default test -->
  </suite> <!-- Default suite -->
</testng-results>
